<?xml version="1.0" encoding="UTF-8"?>
<testng-results ignored="0" total="2" passed="1" failed="1" skipped="0">
  <reporter-output>
  </reporter-output>
  <suite started-at="2023-04-29T18:40:31 IST" name="Suite" finished-at="2023-04-29T18:40:56 IST" duration-ms="24518">
    <groups>
    </groups>
    <test started-at="2023-04-29T18:40:31 IST" name="ChromeTest" finished-at="2023-04-29T18:40:35 IST" duration-ms="4302">
      <class name="com.TestNGBasics.LearningParameters">
        <test-method signature="paraDemo(java.lang.String, java.lang.String, java.lang.String)[pri:0, instance:com.TestNGBasics.LearningParameters@c267ef4]" started-at="2023-04-29T18:40:31 IST" name="paraDemo" finished-at="2023-04-29T18:40:35 IST" duration-ms="4193" status="FAIL">
          <params>
            <param index="0">
              <value>
                <![CDATA[admin@yourstore.com]]>
              </value>
            </param>
            <param index="1">
              <value>
                <![CDATA[admin]]>
              </value>
            </param>
            <param index="2">
              <value>
                <![CDATA[chrome]]>
              </value>
            </param>
          </params>
          <exception class="org.openqa.selenium.SessionNotCreatedException">
            <message>
              <![CDATA[session not created: This version of ChromeDriver only supports Chrome version 110
Current browser version is 112.0.5615.138 with binary path C:\Program Files\Google\Chrome\Application\chrome.exe
Build info: version: '3.141.59', revision: 'e82be7d358', time: '2018-11-14T08:17:03'
System info: host: 'DESKTOP-DHJEVHR', ip: '192.168.1.5', os.name: 'Windows 10', os.arch: 'amd64', os.version: '10.0', java.version: '17.0.1'
Driver info: driver.version: ChromeDriver
remote stacktrace: Backtrace:
(No symbol) [0x005637D3]
(No symbol) [0x004F8B81]
(No symbol) [0x003FB36D]
(No symbol) [0x0041ED6D]
(No symbol) [0x00419B90]
(No symbol) [0x00416FC9]
(No symbol) [0x00451ED5]
(No symbol) [0x00451B2C]
(No symbol) [0x0044B216]
(No symbol) [0x00420D97]
(No symbol) [0x0042253D]
GetHandleVerifier [0x007DABF2+2510930]
GetHandleVerifier [0x00808EC1+2700065]
GetHandleVerifier [0x0080C86C+2714828]
GetHandleVerifier [0x00613480+645344]
(No symbol) [0x00500FD2]
(No symbol) [0x00506C68]
(No symbol) [0x00506D4B]
(No symbol) [0x00510D6B]
BaseThreadInitThunk [0x775F3744+36]
RtlSetCurrentTransaction [0x77CFA064+212]
RtlSetCurrentTransaction [0x77CFA02F+159]
]]>
            </message>
            <full-stacktrace>
              <![CDATA[org.openqa.selenium.SessionNotCreatedException: session not created: This version of ChromeDriver only supports Chrome version 110
Current browser version is 112.0.5615.138 with binary path C:\Program Files\Google\Chrome\Application\chrome.exe
Build info: version: '3.141.59', revision: 'e82be7d358', time: '2018-11-14T08:17:03'
System info: host: 'DESKTOP-DHJEVHR', ip: '192.168.1.5', os.name: 'Windows 10', os.arch: 'amd64', os.version: '10.0', java.version: '17.0.1'
Driver info: driver.version: ChromeDriver
remote stacktrace: Backtrace:
(No symbol) [0x005637D3]
(No symbol) [0x004F8B81]
(No symbol) [0x003FB36D]
(No symbol) [0x0041ED6D]
(No symbol) [0x00419B90]
(No symbol) [0x00416FC9]
(No symbol) [0x00451ED5]
(No symbol) [0x00451B2C]
(No symbol) [0x0044B216]
(No symbol) [0x00420D97]
(No symbol) [0x0042253D]
GetHandleVerifier [0x007DABF2+2510930]
GetHandleVerifier [0x00808EC1+2700065]
GetHandleVerifier [0x0080C86C+2714828]
GetHandleVerifier [0x00613480+645344]
(No symbol) [0x00500FD2]
(No symbol) [0x00506C68]
(No symbol) [0x00506D4B]
(No symbol) [0x00510D6B]
BaseThreadInitThunk [0x775F3744+36]
RtlSetCurrentTransaction [0x77CFA064+212]
RtlSetCurrentTransaction [0x77CFA02F+159]

at java.base/jdk.internal.reflect.NativeConstructorAccessorImpl.newInstance0(Native Method)
at java.base/jdk.internal.reflect.NativeConstructorAccessorImpl.newInstance(NativeConstructorAccessorImpl.java:77)
at java.base/jdk.internal.reflect.DelegatingConstructorAccessorImpl.newInstance(DelegatingConstructorAccessorImpl.java:45)
at java.base/java.lang.reflect.Constructor.newInstanceWithCaller(Constructor.java:499)
at java.base/java.lang.reflect.Constructor.newInstance(Constructor.java:480)
at org.openqa.selenium.remote.W3CHandshakeResponse.lambda$errorHandler$0(W3CHandshakeResponse.java:62)
at org.openqa.selenium.remote.HandshakeResponse.lambda$getResponseFunction$0(HandshakeResponse.java:30)
at org.openqa.selenium.remote.ProtocolHandshake.lambda$createSession$0(ProtocolHandshake.java:126)
at java.base/java.util.stream.ReferencePipeline$3$1.accept(ReferencePipeline.java:197)
at java.base/java.util.Spliterators$ArraySpliterator.tryAdvance(Spliterators.java:1002)
at java.base/java.util.stream.ReferencePipeline.forEachWithCancel(ReferencePipeline.java:129)
at java.base/java.util.stream.AbstractPipeline.copyIntoWithCancel(AbstractPipeline.java:527)
at java.base/java.util.stream.AbstractPipeline.copyInto(AbstractPipeline.java:513)
at java.base/java.util.stream.AbstractPipeline.wrapAndCopyInto(AbstractPipeline.java:499)
at java.base/java.util.stream.FindOps$FindOp.evaluateSequential(FindOps.java:150)
at java.base/java.util.stream.AbstractPipeline.evaluate(AbstractPipeline.java:234)
at java.base/java.util.stream.ReferencePipeline.findFirst(ReferencePipeline.java:647)
at org.openqa.selenium.remote.ProtocolHandshake.createSession(ProtocolHandshake.java:128)
at org.openqa.selenium.remote.ProtocolHandshake.createSession(ProtocolHandshake.java:74)
at org.openqa.selenium.remote.HttpCommandExecutor.execute(HttpCommandExecutor.java:136)
at org.openqa.selenium.remote.service.DriverCommandExecutor.execute(DriverCommandExecutor.java:83)
at org.openqa.selenium.remote.RemoteWebDriver.execute(RemoteWebDriver.java:552)
at org.openqa.selenium.remote.RemoteWebDriver.startSession(RemoteWebDriver.java:213)
at org.openqa.selenium.remote.RemoteWebDriver.<init>(RemoteWebDriver.java:131)
at org.openqa.selenium.chrome.ChromeDriver.<init>(ChromeDriver.java:181)
at org.openqa.selenium.chrome.ChromeDriver.<init>(ChromeDriver.java:168)
at org.openqa.selenium.chrome.ChromeDriver.<init>(ChromeDriver.java:123)
at com.TestNGBasics.LearningParameters.paraDemo(LearningParameters.java:19)
at java.base/jdk.internal.reflect.NativeMethodAccessorImpl.invoke0(Native Method)
at java.base/jdk.internal.reflect.NativeMethodAccessorImpl.invoke(NativeMethodAccessorImpl.java:77)
at java.base/jdk.internal.reflect.DelegatingMethodAccessorImpl.invoke(DelegatingMethodAccessorImpl.java:43)
at java.base/java.lang.reflect.Method.invoke(Method.java:568)
at org.testng.internal.MethodInvocationHelper.invokeMethod(MethodInvocationHelper.java:134)
at org.testng.internal.TestInvoker.invokeMethod(TestInvoker.java:597)
at org.testng.internal.TestInvoker.invokeTestMethod(TestInvoker.java:173)
at org.testng.internal.MethodRunner.runInSequence(MethodRunner.java:46)
at org.testng.internal.TestInvoker$MethodInvocationAgent.invoke(TestInvoker.java:816)
at org.testng.internal.TestInvoker.invokeTestMethods(TestInvoker.java:146)
at org.testng.internal.TestMethodWorker.invokeTestMethods(TestMethodWorker.java:146)
at org.testng.internal.TestMethodWorker.run(TestMethodWorker.java:128)
at java.base/java.util.ArrayList.forEach(ArrayList.java:1511)
at org.testng.TestRunner.privateRun(TestRunner.java:766)
at org.testng.TestRunner.run(TestRunner.java:587)
at org.testng.SuiteRunner.runTest(SuiteRunner.java:384)
at org.testng.SuiteRunner.access$000(SuiteRunner.java:28)
at org.testng.SuiteRunner$SuiteWorker.run(SuiteRunner.java:425)
at org.testng.internal.thread.ThreadUtil.lambda$execute$0(ThreadUtil.java:68)
at java.base/java.util.concurrent.FutureTask.run(FutureTask.java:264)
at java.base/java.util.concurrent.ThreadPoolExecutor.runWorker(ThreadPoolExecutor.java:1136)
at java.base/java.util.concurrent.ThreadPoolExecutor$Worker.run(ThreadPoolExecutor.java:635)
at java.base/java.lang.Thread.run(Thread.java:833)
]]>
            </full-stacktrace>
          </exception> <!-- org.openqa.selenium.SessionNotCreatedException -->
          <reporter-output>
          </reporter-output>
        </test-method> <!-- paraDemo -->
      </class> <!-- com.TestNGBasics.LearningParameters -->
    </test> <!-- ChromeTest -->
    <test started-at="2023-04-29T18:40:31 IST" name="FoxTest" finished-at="2023-04-29T18:40:56 IST" duration-ms="24516">
      <class name="com.TestNGBasics.LearningParameters">
        <test-method signature="paraDemo(java.lang.String, java.lang.String, java.lang.String)[pri:0, instance:com.TestNGBasics.LearningParameters@243c4f91]" started-at="2023-04-29T18:40:31 IST" name="paraDemo" finished-at="2023-04-29T18:40:56 IST" duration-ms="24429" status="PASS">
          <params>
            <param index="0">
              <value>
                <![CDATA[admin@yourstore.com]]>
              </value>
            </param>
            <param index="1">
              <value>
                <![CDATA[admin]]>
              </value>
            </param>
            <param index="2">
              <value>
                <![CDATA[firefox]]>
              </value>
            </param>
          </params>
          <reporter-output>
          </reporter-output>
        </test-method> <!-- paraDemo -->
      </class> <!-- com.TestNGBasics.LearningParameters -->
    </test> <!-- FoxTest -->
  </suite> <!-- Suite -->
</testng-results>
