<?xml version="1.0" encoding="UTF-8"?>
<!-- Generated by org.testng.reporters.JUnitXMLReporter -->
<testsuite ignored="0" hostname="DESKTOP-DHJEVHR" failures="0" tests="4" name="Test" time="67.262" errors="0" timestamp="2023-03-06T13:43:15 IST">
  <testcase classname="com.TestNGBasics.LearningDataProvider" name="login" time="15.615"/>
  <testcase classname="com.TestNGBasics.LearningDataProvider" name="login" time="15.809"/>
  <testcase classname="com.TestNGBasics.LearningDataProvider" name="login" time="20.122"/>
  <testcase classname="com.TestNGBasics.LearningDataProvider" name="login" time="13.514"/>
</testsuite> <!-- Test -->
